<?xml version="1.0" encoding="UTF-8"?>
<!-- Generated by org.testng.reporters.JUnitReportReporter -->
<testsuite hostname="Ayaz-PC" name="com.indago.HomePage.Login" tests="2" failures="0" timestamp="18 Dec 2017 10:08:25 GMT" time="37.229" errors="0">
  <testcase name="Login" time="16.237" classname="com.indago.HomePage.Login"/>
  <testcase name="Login" time="20.992" classname="com.indago.HomePage.Login"/>
</testsuite> <!-- com.indago.HomePage.Login -->
