<?xml version="1.0" encoding="UTF-8"?>
<!-- Generated by org.testng.reporters.JUnitReportReporter -->
<testsuite hostname="Ayaz-PC" name="com.indago.ManageDocuments.Search" tests="2" failures="0" timestamp="22 Dec 2017 10:22:03 GMT" time="0.930" errors="0">
  <testcase name="Search" time="0.223" classname="com.indago.ManageDocuments.Search"/>
  <testcase name="Search" time="0.707" classname="com.indago.ManageDocuments.Search"/>
</testsuite> <!-- com.indago.ManageDocuments.Search -->
