<?xml version="1.0" encoding="UTF-8"?>
<!-- Generated by org.testng.reporters.JUnitReportReporter -->
<testsuite hostname="Ayaz-PC" name="com.indago.HomePage.SignUp" tests="1" failures="0" timestamp="18 Dec 2017 10:08:25 GMT" time="7.262" errors="0">
  <testcase name="SignUp" time="7.262" classname="com.indago.HomePage.SignUp"/>
</testsuite> <!-- com.indago.HomePage.SignUp -->
